0.5457139611244202
0.19870740175247192
0.19870740175247192
0.19870740175247192
0.5
0.32592344284057617
0.23033678531646729
0.19870740175247192
0.19870740175247192
0.19870740175247192
0.19870740175247192
0.2974614202976227
0.7439014911651611
0.2974614202976227
0.19870740175247192
0.19870740175247192
0.4067303240299225
0.19870740175247192
0.4067303240299225
0.43911269307136536
0.7439014911651611
0.5374176502227783
0.23033678531646729
0.5374176502227783
0.19870740175247192
0.7439014911651611
0.7439014911651611
0.19870740175247192
0.7439014911651611
0.19870740175247192
0.19870740175247192
0.7074390649795532
0.19870740175247192
0.23033678531646729
0.19870740175247192
0.5457139611244202
0.7439014911651611
0.19870740175247192
0.19870740175247192
0.5457139611244202
0.4067303240299225
0.5457139611244202
0.19870740175247192
0.5457139611244202
0.23033678531646729
0.2974614202976227
0.5
0.19870740175247192
0.19870740175247192
0.3560497760772705
0.7439014911651611
0.19870740175247192
0.7439014911651611
0.19870740175247192
0.7374833822250366
0.19870740175247192
0.19870740175247192
0.4067303240299225
0.23033678531646729
0.7439014911651611
0.19870740175247192
0.2974614202976227
0.19870740175247192
0.7439014911651611
0.19870740175247192
0.23033678531646729
0.4067303240299225
0.7439014911651611
0.19870740175247192
0.19870740175247192
0.4067303240299225
0.7374833822250366
0.7439014911651611
0.7439014911651611
0.19870740175247192
0.4067303240299225
0.43911269307136536
0.19870740175247192
0.19870740175247192
0.19870740175247192
0.5374176502227783
0.5457139611244202
0.19870740175247192
0.5
0.5457139611244202
0.7439014911651611
0.43911269307136536
0.2974614202976227
0.2974614202976227
